<?xml version="1.0" encoding="UTF-8"?>
<!-- Generated by org.testng.reporters.JUnitReportReporter -->
<testsuite hostname="DESKTOP-FUBHCKB" failures="0" tests="2" name="martsupermarket.LoginPageTest" time="22.270" errors="0" timestamp="2026-02-19T10:59:48 IST" skipped="0">
  <testcase classname="martsupermarket.LoginPageTest" name="verifyValidUsernameAndPassword" time="15.019"/>
  <testcase classname="martsupermarket.LoginPageTest" name="verifyValidUsernameAndPassword" time="7.251"/>
</testsuite> <!-- martsupermarket.LoginPageTest -->
